[ 2016-05-11T00:09:30+08:00 ] ::1 /wxtest/index.php/Home/Index/index.html
INFO: [ app_init ] --START--
INFO: Run Behavior\BuildLiteBehavior [ RunTime:0.000028s ]
INFO: [ app_init ] --END-- [ RunTime:0.000937s ]
INFO: [ app_begin ] --START--
INFO: Run Behavior\ReadHtmlCacheBehavior [ RunTime:0.001052s ]
INFO: [ app_begin ] --END-- [ RunTime:0.001155s ]
INFO: [ view_parse ] --START--
INFO: [ template_filter ] --START--
INFO: Run Behavior\ContentReplaceBehavior [ RunTime:0.000110s ]
INFO: [ template_filter ] --END-- [ RunTime:0.000196s ]
NOTIC: [8] Undefined index: name /Applications/MAMP/htdocs/wxtest/Application/Runtime/Cache/Home/2a94b8bda04ff446dcedd42276fc99ee.php 第 53 行.
INFO: Run Behavior\ParseTemplateBehavior [ RunTime:0.016459s ]
INFO: [ view_parse ] --END-- [ RunTime:0.016575s ]
INFO: [ view_filter ] --START--
INFO: Run Behavior\WriteHtmlCacheBehavior [ RunTime:0.000659s ]
INFO: [ view_filter ] --END-- [ RunTime:0.000767s ]
INFO: [ app_end ] --START--
INFO: Run Behavior\ShowPageTraceBehavior [ RunTime:0.001324s ]
INFO: [ app_end ] --END-- [ RunTime:0.001454s ]

[ 2016-05-11T00:10:24+08:00 ] ::1 /wxtest/index.php/Home/Public/Login.html
INFO: [ app_init ] --START--
INFO: Run Behavior\BuildLiteBehavior [ RunTime:0.000043s ]
INFO: [ app_init ] --END-- [ RunTime:0.000982s ]
INFO: [ app_begin ] --START--
INFO: Run Behavior\ReadHtmlCacheBehavior [ RunTime:0.001405s ]
INFO: [ app_begin ] --END-- [ RunTime:0.001581s ]
NOTIC: [8] Undefined index: type /Applications/MAMP/htdocs/wxtest/Application/Home/Controller/PublicController.class.php 第 59 行.
NOTIC: [8] Undefined index: type /Applications/MAMP/htdocs/wxtest/Application/Home/Controller/PublicController.class.php 第 61 行.
NOTIC: [8] Undefined index: type /Applications/MAMP/htdocs/wxtest/Application/Home/Controller/PublicController.class.php 第 63 行.
INFO: [ view_parse ] --START--
INFO: [ template_filter ] --START--
INFO: Run Behavior\ContentReplaceBehavior [ RunTime:0.000104s ]
INFO: [ template_filter ] --END-- [ RunTime:0.000205s ]
NOTIC: [8] Undefined index: type /Applications/MAMP/htdocs/wxtest/Application/Runtime/Cache/Home/a6ecb78825c5a0283bfca1fc7b4169ed.php 第 37 行.
NOTIC: [8] Undefined index: type /Applications/MAMP/htdocs/wxtest/Application/Runtime/Cache/Home/a6ecb78825c5a0283bfca1fc7b4169ed.php 第 46 行.
NOTIC: [8] Undefined index: type /Applications/MAMP/htdocs/wxtest/Application/Runtime/Cache/Home/a6ecb78825c5a0283bfca1fc7b4169ed.php 第 56 行.
INFO: Run Behavior\ParseTemplateBehavior [ RunTime:0.020285s ]
INFO: [ view_parse ] --END-- [ RunTime:0.020377s ]
INFO: [ view_filter ] --START--
INFO: Run Behavior\WriteHtmlCacheBehavior [ RunTime:0.000570s ]
INFO: [ view_filter ] --END-- [ RunTime:0.000648s ]
INFO: [ app_end ] --START--
INFO: Run Behavior\ShowPageTraceBehavior [ RunTime:0.000952s ]
INFO: [ app_end ] --END-- [ RunTime:0.001042s ]

[ 2016-05-11T00:10:26+08:00 ] ::1 /wxtest/index.php/Home/Public/Reg.html
INFO: [ app_init ] --START--
INFO: Run Behavior\BuildLiteBehavior [ RunTime:0.000014s ]
INFO: [ app_init ] --END-- [ RunTime:0.000322s ]
INFO: [ app_begin ] --START--
INFO: Run Behavior\ReadHtmlCacheBehavior [ RunTime:0.000501s ]
INFO: [ app_begin ] --END-- [ RunTime:0.000587s ]
INFO: [ view_parse ] --START--
INFO: [ template_filter ] --START--
INFO: Run Behavior\ContentReplaceBehavior [ RunTime:0.000051s ]
INFO: [ template_filter ] --END-- [ RunTime:0.000117s ]
NOTIC: [8] Undefined index: type /Applications/MAMP/htdocs/wxtest/Application/Runtime/Cache/Home/6e5bd64f372c6a76ed99145f410968a1.php 第 37 行.
NOTIC: [8] Undefined index: type /Applications/MAMP/htdocs/wxtest/Application/Runtime/Cache/Home/6e5bd64f372c6a76ed99145f410968a1.php 第 46 行.
NOTIC: [8] Undefined index: type /Applications/MAMP/htdocs/wxtest/Application/Runtime/Cache/Home/6e5bd64f372c6a76ed99145f410968a1.php 第 56 行.
INFO: Run Behavior\ParseTemplateBehavior [ RunTime:0.012282s ]
INFO: [ view_parse ] --END-- [ RunTime:0.012346s ]
INFO: [ view_filter ] --START--
INFO: Run Behavior\WriteHtmlCacheBehavior [ RunTime:0.000151s ]
INFO: [ view_filter ] --END-- [ RunTime:0.000199s ]
INFO: [ app_end ] --START--
INFO: Run Behavior\ShowPageTraceBehavior [ RunTime:0.000719s ]
INFO: [ app_end ] --END-- [ RunTime:0.000792s ]

[ 2016-05-11T00:10:48+08:00 ] ::1 /wxtest/index.php/Home/Index/index.html
INFO: [ app_init ] --START--
INFO: Run Behavior\BuildLiteBehavior [ RunTime:0.000027s ]
INFO: [ app_init ] --END-- [ RunTime:0.000520s ]
INFO: [ app_begin ] --START--
INFO: Run Behavior\ReadHtmlCacheBehavior [ RunTime:0.000825s ]
INFO: [ app_begin ] --END-- [ RunTime:0.000909s ]
INFO: [ view_parse ] --START--
INFO: [ template_filter ] --START--
INFO: Run Behavior\ContentReplaceBehavior [ RunTime:0.000111s ]
INFO: [ template_filter ] --END-- [ RunTime:0.000222s ]
NOTIC: [8] Undefined index: name /Applications/MAMP/htdocs/wxtest/Application/Runtime/Cache/Home/2a94b8bda04ff446dcedd42276fc99ee.php 第 53 行.
INFO: Run Behavior\ParseTemplateBehavior [ RunTime:0.019996s ]
INFO: [ view_parse ] --END-- [ RunTime:0.020113s ]
INFO: [ view_filter ] --START--
INFO: Run Behavior\WriteHtmlCacheBehavior [ RunTime:0.000186s ]
INFO: [ view_filter ] --END-- [ RunTime:0.000235s ]
INFO: [ app_end ] --START--
INFO: Run Behavior\ShowPageTraceBehavior [ RunTime:0.000601s ]
INFO: [ app_end ] --END-- [ RunTime:0.000662s ]

[ 2016-05-11T22:53:10+08:00 ] ::1 /wxtest/index.php/Home/Public/login.html
INFO: [ app_init ] --START--
INFO: Run Behavior\BuildLiteBehavior [ RunTime:0.000030s ]
INFO: [ app_init ] --END-- [ RunTime:0.001399s ]
INFO: [ app_begin ] --START--
INFO: Run Behavior\ReadHtmlCacheBehavior [ RunTime:0.001085s ]
INFO: [ app_begin ] --END-- [ RunTime:0.001183s ]
NOTIC: [8] Undefined index: type /Applications/MAMP/htdocs/wxtest/Application/Home/Controller/PublicController.class.php 第 59 行.
NOTIC: [8] Undefined index: type /Applications/MAMP/htdocs/wxtest/Application/Home/Controller/PublicController.class.php 第 61 行.
NOTIC: [8] Undefined index: type /Applications/MAMP/htdocs/wxtest/Application/Home/Controller/PublicController.class.php 第 63 行.
INFO: [ view_parse ] --START--
INFO: [ template_filter ] --START--
INFO: Run Behavior\ContentReplaceBehavior [ RunTime:0.000249s ]
INFO: [ template_filter ] --END-- [ RunTime:0.000433s ]
NOTIC: [8] Undefined index: type /Applications/MAMP/htdocs/wxtest/Application/Runtime/Cache/Home/ddaf032eeb3f0e441c9409c65fc90ee1.php 第 37 行.
NOTIC: [8] Undefined index: type /Applications/MAMP/htdocs/wxtest/Application/Runtime/Cache/Home/ddaf032eeb3f0e441c9409c65fc90ee1.php 第 46 行.
NOTIC: [8] Undefined index: type /Applications/MAMP/htdocs/wxtest/Application/Runtime/Cache/Home/ddaf032eeb3f0e441c9409c65fc90ee1.php 第 56 行.
INFO: Run Behavior\ParseTemplateBehavior [ RunTime:0.024761s ]
INFO: [ view_parse ] --END-- [ RunTime:0.024908s ]
INFO: [ view_filter ] --START--
INFO: Run Behavior\WriteHtmlCacheBehavior [ RunTime:0.000532s ]
INFO: [ view_filter ] --END-- [ RunTime:0.000604s ]
INFO: [ app_end ] --START--
INFO: Run Behavior\ShowPageTraceBehavior [ RunTime:0.001070s ]
INFO: [ app_end ] --END-- [ RunTime:0.001158s ]

[ 2016-05-11T22:53:14+08:00 ] ::1 /wxtest/index.php/Home/Index/index.html
INFO: [ app_init ] --START--
INFO: Run Behavior\BuildLiteBehavior [ RunTime:0.000015s ]
INFO: [ app_init ] --END-- [ RunTime:0.000332s ]
INFO: [ app_begin ] --START--
INFO: Run Behavior\ReadHtmlCacheBehavior [ RunTime:0.000425s ]
INFO: [ app_begin ] --END-- [ RunTime:0.000477s ]
INFO: [ view_parse ] --START--
INFO: [ template_filter ] --START--
INFO: Run Behavior\ContentReplaceBehavior [ RunTime:0.000052s ]
INFO: [ template_filter ] --END-- [ RunTime:0.000135s ]
NOTIC: [8] Undefined index: name /Applications/MAMP/htdocs/wxtest/Application/Runtime/Cache/Home/2a94b8bda04ff446dcedd42276fc99ee.php 第 53 行.
INFO: Run Behavior\ParseTemplateBehavior [ RunTime:0.009393s ]
INFO: [ view_parse ] --END-- [ RunTime:0.009481s ]
INFO: [ view_filter ] --START--
INFO: Run Behavior\WriteHtmlCacheBehavior [ RunTime:0.000172s ]
INFO: [ view_filter ] --END-- [ RunTime:0.000225s ]
INFO: [ app_end ] --START--
INFO: Run Behavior\ShowPageTraceBehavior [ RunTime:0.000520s ]
INFO: [ app_end ] --END-- [ RunTime:0.000575s ]

[ 2016-05-11T22:54:45+08:00 ] ::1 /wxtest/index.php/Home/Public/Login.html
INFO: [ app_init ] --START--
INFO: Run Behavior\BuildLiteBehavior [ RunTime:0.000017s ]
INFO: [ app_init ] --END-- [ RunTime:0.000416s ]
INFO: [ app_begin ] --START--
INFO: Run Behavior\ReadHtmlCacheBehavior [ RunTime:0.000439s ]
INFO: [ app_begin ] --END-- [ RunTime:0.000492s ]
NOTIC: [8] Undefined index: type /Applications/MAMP/htdocs/wxtest/Application/Home/Controller/PublicController.class.php 第 59 行.
NOTIC: [8] Undefined index: type /Applications/MAMP/htdocs/wxtest/Application/Home/Controller/PublicController.class.php 第 61 行.
NOTIC: [8] Undefined index: type /Applications/MAMP/htdocs/wxtest/Application/Home/Controller/PublicController.class.php 第 63 行.
INFO: [ view_parse ] --START--
INFO: [ template_filter ] --START--
INFO: Run Behavior\ContentReplaceBehavior [ RunTime:0.000076s ]
INFO: [ template_filter ] --END-- [ RunTime:0.000151s ]
NOTIC: [8] Undefined index: type /Applications/MAMP/htdocs/wxtest/Application/Runtime/Cache/Home/a6ecb78825c5a0283bfca1fc7b4169ed.php 第 37 行.
NOTIC: [8] Undefined index: type /Applications/MAMP/htdocs/wxtest/Application/Runtime/Cache/Home/a6ecb78825c5a0283bfca1fc7b4169ed.php 第 46 行.
NOTIC: [8] Undefined index: type /Applications/MAMP/htdocs/wxtest/Application/Runtime/Cache/Home/a6ecb78825c5a0283bfca1fc7b4169ed.php 第 56 行.
INFO: Run Behavior\ParseTemplateBehavior [ RunTime:0.017959s ]
INFO: [ view_parse ] --END-- [ RunTime:0.018048s ]
INFO: [ view_filter ] --START--
INFO: Run Behavior\WriteHtmlCacheBehavior [ RunTime:0.000289s ]
INFO: [ view_filter ] --END-- [ RunTime:0.000372s ]
INFO: [ app_end ] --START--
INFO: Run Behavior\ShowPageTraceBehavior [ RunTime:0.000851s ]
INFO: [ app_end ] --END-- [ RunTime:0.000941s ]

